COMPREHENSIVE NOV 2 SESSION VALIDATION
Comparing ALL fields from raw files vs database
================================================================================

Found 18 Nov 2 files (excluding orphan)
Session IDs: 2134-2151 (18 sessions)

================================================================================
Round: 2025-11-02-211530-etl_adlernest-round-1.txt
Session ID: 2134
================================================================================
Players: 6 in file, 6 in DB
  [FAIL] carniee (0A26D447)
      headshots: R8 != D1
      WS_MP40.deaths: R9 != D0
  [FAIL] bronze. (2B5938F5)
      headshots: R5 != D2
      WS_MP40.deaths: R5 != D0
  [FAIL] .olz (5D989160)
      headshots: R7 != D2
      WS_THOMPSON.deaths: R5 != D0
  [FAIL] endekk (7B84BE88)
      headshots: R12 != D5
      WS_LUGER.deaths: R1 != D0
  [FAIL] vid (D8423F90)
      headshots: R9 != D3
      WS_THOMPSON.deaths: R6 != D0
  [FAIL] slomix.SuperBoyy (EDBB5DA9)
      headshots: R4 != D2
      WS_COLT.deaths: R2 != D0
      WS_THOMPSON.deaths: R5 != D0

================================================================================
Round: 2025-11-02-212034-etl_adlernest-round-2.txt
Session ID: 2135
================================================================================
python : Traceback (most recent call last):
At line:1 char:1
+ python validate_nov2_complete.py 2>&1 | Out-File -Encoding utf8 valid ...
+ ~~~~~~~~~~~~~~~~~~~~~~~~~~~~~~~~~~~~~
    + CategoryInfo          : NotSpecified: (Traceback (most recent call last)::String) [], RemoteException
    + FullyQualifiedErrorId : NativeCommandError
 
  File "C:\Users\seareal\Documents\stats\bot\community_stats_parser.py", line 289, in parse_stats_file
    return self.parse_round_2_with_differential(file_path)
           ^^^^^^^^^^^^^^^^^^^^^^^^^^^^^^^^^^^^^^^^^^^^^^^
  File "C:\Users\seareal\Documents\stats\bot\community_stats_parser.py", line 388, in 
parse_round_2_with_differential
    print(f"\U0001f50d Detected Round 2 file: {os.path.basename(round_2_file_path)}")
  File "C:\Users\seareal\AppData\Local\Programs\Python\Python311\Lib\encodings\cp1252.py", line 19, in encode
    return codecs.charmap_encode(input,self.errors,encoding_table)[0]
           ^^^^^^^^^^^^^^^^^^^^^^^^^^^^^^^^^^^^^^^^^^^^^^^^^^^^^^^
UnicodeEncodeError: 'charmap' codec can't encode character '\U0001f50d' in position 0: character maps to 
<undefined>

During handling of the above exception, another exception occurred:

Traceback (most recent call last):
  File "C:\Users\seareal\Documents\stats\validate_nov2_complete.py", line 292, in <module>
    main()
  File "C:\Users\seareal\Documents\stats\validate_nov2_complete.py", line 270, in main
    passed, failed = compare_round(filepath, session_id)
                     ^^^^^^^^^^^^^^^^^^^^^^^^^^^^^^^^^^^
  File "C:\Users\seareal\Documents\stats\validate_nov2_complete.py", line 150, in compare_round
    raw_players = parse_raw_file(filepath)
                  ^^^^^^^^^^^^^^^^^^^^^^^^
  File "C:\Users\seareal\Documents\stats\validate_nov2_complete.py", line 41, in parse_raw_file
    result = parser.parse_stats_file(str(filepath))
             ^^^^^^^^^^^^^^^^^^^^^^^^^^^^^^^^^^^^^^
  File "C:\Users\seareal\Documents\stats\bot\community_stats_parser.py", line 294, in parse_stats_file
    print(f"\u274c Error parsing stats file {file_path}: {e}")
  File "C:\Users\seareal\AppData\Local\Programs\Python\Python311\Lib\encodings\cp1252.py", line 19, in encode
    return codecs.charmap_encode(input,self.errors,encoding_table)[0]
           ^^^^^^^^^^^^^^^^^^^^^^^^^^^^^^^^^^^^^^^^^^^^^^^^^^^^^^^
UnicodeEncodeError: 'charmap' codec can't encode character '\u274c' in position 0: character maps to <undefined>
